<?xml version="1.0" encoding="UTF-8"?>
<!-- Generated by org.testng.reporters.JUnitXMLReporter -->
<testsuite hostname="DESKTOP-RUV174U" ignored="0" name="Default test" tests="5" failures="0" timestamp="2021-06-11T09:30:12 IST" time="27.701" errors="0">
  <testcase name="verifyLeadwithmandatoryfields_TC01" time="6.378" classname="com.vtiger.tests.LeadTests"/>
  <testcase name="verifyLeadwithAllFields_TC02" time="6.287" classname="com.vtiger.tests.LeadTests"/>
  <testcase name="verifydeleteLead_TC03" time="5.33" classname="com.vtiger.tests.LeadTests"/>
  <testcase name="verifychangeLeadStatus_TC04" time="1.394" classname="com.vtiger.tests.LeadTests"/>
  <testcase name="verifysearchLead_TC05" time="4.943" classname="com.vtiger.tests.LeadTests"/>
</testsuite> <!-- Default test -->
