<?xml version="1.0" encoding="UTF-8"?>
<!-- Generated by org.testng.reporters.JUnitXMLReporter -->
<testsuite hostname="DESKTOP-RUV174U" ignored="15" name="Test" tests="19" failures="1" timestamp="2021-06-20T01:21:47 IST" time="72.727" errors="0">
  <testcase name="ContactSearchAndDelete_TC02" time="4.911" classname="com.vtiger.tests.ContactsTests"/>
  <testcase name="verifyLeadwithmandatoryfields_TC01" time="3.155" classname="com.vtiger.tests.LeadTests"/>
  <testcase name="verifyLeadwithAllFields_TC02" time="4.49" classname="com.vtiger.tests.LeadTests"/>
  <testcase name="verifydeleteLead_TC03" time="3.894" classname="com.vtiger.tests.LeadTests"/>
  <testcase name="verifychangeLeadStatus_TC04" time="1.167" classname="com.vtiger.tests.LeadTests"/>
  <testcase name="verifysearchLead_TC05" time="2.926" classname="com.vtiger.tests.LeadTests"/>
  <testcase name="verifyCalendar_TC01" time="3.815" classname="com.vtiger.tests.CalenderTest"/>
  <testcase name="verifyCreateNewAppointmentfromCalender_TC02" time="3.349" classname="com.vtiger.tests.CalenderTest"/>
  <testcase name="verifyCreateNewProduct_TC01" time="2.399" classname="com.vtiger.tests.ProductsTests">
    <failure type="org.openqa.selenium.NoAlertPresentException" message="no such alert
  (Session info: chrome=91.0.4472.106)
Build info: version: &amp;apos;3.141.59&amp;apos;, revision: &amp;apos;e82be7d358&amp;apos;, time: &amp;apos;2018-11-14T08:25:53&amp;apos;
System info: host: &amp;apos;DESKTOP-RUV174U&amp;apos;, ip: &amp;apos;192.168.0.103&amp;apos;, os.name: &amp;apos;Windows 10&amp;apos;, os.arch: &amp;apos;amd64&amp;apos;, os.version: &amp;apos;10.0&amp;apos;, java.version: &amp;apos;1.8.0_281&amp;apos;
Driver info: org.openqa.selenium.chrome.ChromeDriver
Capabilities {acceptInsecureCerts: false, browserName: chrome, browserVersion: 91.0.4472.106, chrome: {chromedriverVersion: 91.0.4472.101 (af52a90bf870..., userDataDir: C:\Users\Ravindra\AppData\L...}, goog:chromeOptions: {debuggerAddress: localhost:59267}, javascriptEnabled: true, networkConnectionEnabled: false, pageLoadStrategy: normal, platform: WINDOWS, platformName: WINDOWS, proxy: Proxy(), setWindowRect: true, strictFileInteractability: false, timeouts: {implicit: 0, pageLoad: 300000, script: 30000}, unhandledPromptBehavior: dismiss and notify, webauthn:extension:largeBlob: true, webauthn:virtualAuthenticators: true}
Session ID: efaf47d6794a060fa277d5a7eb04e147">
      <![CDATA[org.openqa.selenium.NoAlertPresentException: no such alert
  (Session info: chrome=91.0.4472.106)
Build info: version: '3.141.59', revision: 'e82be7d358', time: '2018-11-14T08:25:53'
System info: host: 'DESKTOP-RUV174U', ip: '192.168.0.103', os.name: 'Windows 10', os.arch: 'amd64', os.version: '10.0', java.version: '1.8.0_281'
Driver info: org.openqa.selenium.chrome.ChromeDriver
Capabilities {acceptInsecureCerts: false, browserName: chrome, browserVersion: 91.0.4472.106, chrome: {chromedriverVersion: 91.0.4472.101 (af52a90bf870..., userDataDir: C:\Users\Ravindra\AppData\L...}, goog:chromeOptions: {debuggerAddress: localhost:59267}, javascriptEnabled: true, networkConnectionEnabled: false, pageLoadStrategy: normal, platform: WINDOWS, platformName: WINDOWS, proxy: Proxy(), setWindowRect: true, strictFileInteractability: false, timeouts: {implicit: 0, pageLoad: 300000, script: 30000}, unhandledPromptBehavior: dismiss and notify, webauthn:extension:largeBlob: true, webauthn:virtualAuthenticators: true}
Session ID: efaf47d6794a060fa277d5a7eb04e147
at org.openqa.selenium.remote.http.W3CHttpResponseCodec.createException(W3CHttpResponseCodec.java:187)
at org.openqa.selenium.remote.http.W3CHttpResponseCodec.decode(W3CHttpResponseCodec.java:122)
at org.openqa.selenium.remote.http.W3CHttpResponseCodec.decode(W3CHttpResponseCodec.java:49)
at org.openqa.selenium.remote.HttpCommandExecutor.execute(HttpCommandExecutor.java:158)
at org.openqa.selenium.remote.service.DriverCommandExecutor.execute(DriverCommandExecutor.java:83)
at org.openqa.selenium.remote.RemoteWebDriver.execute(RemoteWebDriver.java:552)
at org.openqa.selenium.remote.RemoteWebDriver.execute(RemoteWebDriver.java:609)
at org.openqa.selenium.remote.RemoteWebDriver$RemoteTargetLocator.alert(RemoteWebDriver.java:932)
at com.vtiger.pages.ProductsPage.CreateNewProduct(ProductsPage.java:61)
at com.vtiger.tests.ProductsTests.verifyCreateNewProduct_TC01(ProductsTests.java:16)
at java.util.ArrayList.forEach(Unknown Source)
... Removed 31 stack frames]]>
    </failure>
  </testcase> <!-- verifyCreateNewProduct_TC01 -->
  <testcase name="verifySubMenusOnProductsPage_TC02" time="1.618" classname="com.vtiger.tests.ProductsTests"/>
  <testcase name="verifyAccountSearch_TC01" time="3.099" classname="com.vtiger.tests.AccountTests"/>
  <testcase name="verifySubMenu_TC02" time="2.776" classname="com.vtiger.tests.AccountTests"/>
  <testcase name="verifyCreateNewAccountWithMandatoryFields_TC03" time="2.542" classname="com.vtiger.tests.AccountTests"/>
  <testcase name="verifyCreateNewAccountWithAllFields_TC03" time="4.226" classname="com.vtiger.tests.AccountTests"/>
  <testcase name="verifyNewEvent_TC01" time="2.755" classname="com.vtiger.tests.ActivitiesTests"/>
  <testcase name="verifySearchActivities_TC02" time="3.834" classname="com.vtiger.tests.ActivitiesTests"/>
  <testcase name="DeleteActivities_TC03" time="4.226" classname="com.vtiger.tests.ActivitiesTests"/>
  <testcase name="verifyDuplicateOfActivity_TC04" time="2.967" classname="com.vtiger.tests.ActivitiesTests"/>
  <testcase name="verifyEditActivity_TC05" time="14.084" classname="com.vtiger.tests.ActivitiesTests"/>
  <testcase name="@BeforeSuite readSetting" time="0.0" classname="com.vtiger.tests.BaseTests">
    <ignored/>
  </testcase> <!-- @BeforeSuite readSetting -->
  <testcase name="@BeforeSuite readSetting" time="0.0" classname="com.vtiger.tests.BaseTests">
    <ignored/>
  </testcase> <!-- @BeforeSuite readSetting -->
  <testcase name="@BeforeSuite readSetting" time="0.0" classname="com.vtiger.tests.BaseTests">
    <ignored/>
  </testcase> <!-- @BeforeSuite readSetting -->
  <testcase name="@BeforeSuite readSetting" time="0.0" classname="com.vtiger.tests.BaseTests">
    <ignored/>
  </testcase> <!-- @BeforeSuite readSetting -->
  <testcase name="@BeforeSuite readSetting" time="0.0" classname="com.vtiger.tests.BaseTests">
    <ignored/>
  </testcase> <!-- @BeforeSuite readSetting -->
  <testcase name="@BeforeSuite BeginLoadData" time="0.0" classname="com.vtiger.tests.BaseTests">
    <ignored/>
  </testcase> <!-- @BeforeSuite BeginLoadData -->
  <testcase name="@BeforeSuite BeginLoadData" time="0.0" classname="com.vtiger.tests.BaseTests">
    <ignored/>
  </testcase> <!-- @BeforeSuite BeginLoadData -->
  <testcase name="@BeforeSuite BeginLoadData" time="0.0" classname="com.vtiger.tests.BaseTests">
    <ignored/>
  </testcase> <!-- @BeforeSuite BeginLoadData -->
  <testcase name="@BeforeSuite BeginLoadData" time="0.0" classname="com.vtiger.tests.BaseTests">
    <ignored/>
  </testcase> <!-- @BeforeSuite BeginLoadData -->
  <testcase name="@BeforeSuite BeginLoadData" time="0.0" classname="com.vtiger.tests.BaseTests">
    <ignored/>
  </testcase> <!-- @BeforeSuite BeginLoadData -->
  <testcase name="@AfterSuite CloseBrowser" time="0.0" classname="com.vtiger.tests.BaseTests">
    <ignored/>
  </testcase> <!-- @AfterSuite CloseBrowser -->
  <testcase name="@AfterSuite CloseBrowser" time="0.0" classname="com.vtiger.tests.BaseTests">
    <ignored/>
  </testcase> <!-- @AfterSuite CloseBrowser -->
  <testcase name="@AfterSuite CloseBrowser" time="0.0" classname="com.vtiger.tests.BaseTests">
    <ignored/>
  </testcase> <!-- @AfterSuite CloseBrowser -->
  <testcase name="@AfterSuite CloseBrowser" time="0.0" classname="com.vtiger.tests.BaseTests">
    <ignored/>
  </testcase> <!-- @AfterSuite CloseBrowser -->
  <testcase name="@AfterSuite CloseBrowser" time="0.0" classname="com.vtiger.tests.BaseTests">
    <ignored/>
  </testcase> <!-- @AfterSuite CloseBrowser -->
</testsuite> <!-- Test -->
