<?xml version="1.0" encoding="UTF-8"?>
<!-- Generated by org.testng.reporters.JUnitXMLReporter -->
<testsuite hostname="DESKTOP-RUV174U" ignored="21" name="Test" tests="28" failures="1" timestamp="2021-06-24T11:06:31 IST" time="107.392" errors="0">
  <testcase name="verifyCreateNewAccountWithMandatoryFields_TC01" time="4.704" classname="com.vtiger.tests.AccountTest"/>
  <testcase name="verifyCreateNewAccountWithAllFields_TC02" time="4.945" classname="com.vtiger.tests.AccountTest"/>
  <testcase name="verifyAccountSearch_TC03" time="2.976" classname="com.vtiger.tests.AccountTest"/>
  <testcase name="CreateNewContact_TC01" time="7.833" classname="com.vtiger.tests.ContactsTest"/>
  <testcase name="ContactSearchAndDelete_TC02" time="4.659" classname="com.vtiger.tests.ContactsTest"/>
  <testcase name="verifyLeadwithmandatoryfields_TC01" time="2.933" classname="com.vtiger.tests.LeadTest"/>
  <testcase name="verifyLeadwithAllFields_TC02" time="4.948" classname="com.vtiger.tests.LeadTest"/>
  <testcase name="verifydeleteLead_TC03" time="3.989" classname="com.vtiger.tests.LeadTest"/>
  <testcase name="verifychangeLeadStatus_TC04" time="1.073" classname="com.vtiger.tests.LeadTest"/>
  <testcase name="verifysearchLead_TC05" time="3.427" classname="com.vtiger.tests.LeadTest"/>
  <testcase name="VerifyRSSHomePage_TC01" time="1.104" classname="com.vtiger.tests.RSSTest"/>
  <testcase name="VerifyRSSLinksPresentOnPage_TC02" time="0.508" classname="com.vtiger.tests.RSSTest"/>
  <testcase name="VerifyAddRSSFeed_TC02" time="2.412" classname="com.vtiger.tests.RSSTest"/>
  <testcase name="verifyCreateNewPotential_TC01" time="5.584" classname="com.vtiger.tests.PotentialTest"/>
  <testcase name="verifyEditPotential_TC02" time="6.145" classname="com.vtiger.tests.PotentialTest"/>
  <testcase name="verifyDuplicatePotential_TC03" time="2.111" classname="com.vtiger.tests.PotentialTest"/>
  <testcase name="verifyDeletePotential_TC04" time="0.413" classname="com.vtiger.tests.PotentialTest"/>
  <testcase name="verifyCalendar_TC01" time="5.181" classname="com.vtiger.tests.CalenderTest"/>
  <testcase name="verifyCreateNewAppointmentfromCalender_TC02" time="3.531" classname="com.vtiger.tests.CalenderTest"/>
  <testcase name="verifySubMenusOnProductsPage_TC01" time="1.751" classname="com.vtiger.tests.ProductsTest"/>
  <testcase name="verifyCreateNewProduct_TC02" time="2.308" classname="com.vtiger.tests.ProductsTest">
    <failure type="org.openqa.selenium.NoAlertPresentException" message="no such alert
  (Session info: chrome=91.0.4472.114)
Build info: version: &amp;apos;3.141.59&amp;apos;, revision: &amp;apos;e82be7d358&amp;apos;, time: &amp;apos;2018-11-14T08:25:53&amp;apos;
System info: host: &amp;apos;DESKTOP-RUV174U&amp;apos;, ip: &amp;apos;192.168.0.107&amp;apos;, os.name: &amp;apos;Windows 10&amp;apos;, os.arch: &amp;apos;amd64&amp;apos;, os.version: &amp;apos;10.0&amp;apos;, java.version: &amp;apos;1.8.0_281&amp;apos;
Driver info: org.openqa.selenium.chrome.ChromeDriver
Capabilities {acceptInsecureCerts: false, browserName: chrome, browserVersion: 91.0.4472.114, chrome: {chromedriverVersion: 91.0.4472.101 (af52a90bf870..., userDataDir: C:\Users\Ravindra\AppData\L...}, goog:chromeOptions: {debuggerAddress: localhost:64138}, javascriptEnabled: true, networkConnectionEnabled: false, pageLoadStrategy: normal, platform: WINDOWS, platformName: WINDOWS, proxy: Proxy(), setWindowRect: true, strictFileInteractability: false, timeouts: {implicit: 0, pageLoad: 300000, script: 30000}, unhandledPromptBehavior: dismiss and notify, webauthn:extension:largeBlob: true, webauthn:virtualAuthenticators: true}
Session ID: 621b415f302087602e0e328209e5b309">
      <![CDATA[org.openqa.selenium.NoAlertPresentException: no such alert
  (Session info: chrome=91.0.4472.114)
Build info: version: '3.141.59', revision: 'e82be7d358', time: '2018-11-14T08:25:53'
System info: host: 'DESKTOP-RUV174U', ip: '192.168.0.107', os.name: 'Windows 10', os.arch: 'amd64', os.version: '10.0', java.version: '1.8.0_281'
Driver info: org.openqa.selenium.chrome.ChromeDriver
Capabilities {acceptInsecureCerts: false, browserName: chrome, browserVersion: 91.0.4472.114, chrome: {chromedriverVersion: 91.0.4472.101 (af52a90bf870..., userDataDir: C:\Users\Ravindra\AppData\L...}, goog:chromeOptions: {debuggerAddress: localhost:64138}, javascriptEnabled: true, networkConnectionEnabled: false, pageLoadStrategy: normal, platform: WINDOWS, platformName: WINDOWS, proxy: Proxy(), setWindowRect: true, strictFileInteractability: false, timeouts: {implicit: 0, pageLoad: 300000, script: 30000}, unhandledPromptBehavior: dismiss and notify, webauthn:extension:largeBlob: true, webauthn:virtualAuthenticators: true}
Session ID: 621b415f302087602e0e328209e5b309
at org.openqa.selenium.remote.http.W3CHttpResponseCodec.createException(W3CHttpResponseCodec.java:187)
at org.openqa.selenium.remote.http.W3CHttpResponseCodec.decode(W3CHttpResponseCodec.java:122)
at org.openqa.selenium.remote.http.W3CHttpResponseCodec.decode(W3CHttpResponseCodec.java:49)
at org.openqa.selenium.remote.HttpCommandExecutor.execute(HttpCommandExecutor.java:158)
at org.openqa.selenium.remote.service.DriverCommandExecutor.execute(DriverCommandExecutor.java:83)
at org.openqa.selenium.remote.RemoteWebDriver.execute(RemoteWebDriver.java:552)
at org.openqa.selenium.remote.RemoteWebDriver.execute(RemoteWebDriver.java:609)
at org.openqa.selenium.remote.RemoteWebDriver$RemoteTargetLocator.alert(RemoteWebDriver.java:932)
at com.vtiger.pages.ProductsPage.CreateNewProduct(ProductsPage.java:101)
at com.vtiger.tests.ProductsTest.verifyCreateNewProduct_TC02(ProductsTest.java:33)
at java.util.ArrayList.forEach(Unknown Source)
... Removed 31 stack frames]]>
    </failure>
  </testcase> <!-- verifyCreateNewProduct_TC02 -->
  <testcase name="verifyCreateNewVendor_TC03" time="4.67" classname="com.vtiger.tests.ProductsTest"/>
  <testcase name="verifyCreateNewPriceBook_TC04" time="3.166" classname="com.vtiger.tests.ProductsTest"/>
  <testcase name="verifyNewEvent_TC01" time="2.859" classname="com.vtiger.tests.ActivitiesTest"/>
  <testcase name="verifySearchActivities_TC02" time="4.124" classname="com.vtiger.tests.ActivitiesTest"/>
  <testcase name="DeleteActivities_TC03" time="4.265" classname="com.vtiger.tests.ActivitiesTest"/>
  <testcase name="verifyDuplicateOfActivity_TC04" time="3.143" classname="com.vtiger.tests.ActivitiesTest"/>
  <testcase name="verifyEditActivity_TC05" time="12.218" classname="com.vtiger.tests.ActivitiesTest"/>
  <testcase name="@BeforeSuite readSetting" time="0.0" classname="com.vtiger.tests.BaseTest">
    <ignored/>
  </testcase> <!-- @BeforeSuite readSetting -->
  <testcase name="@BeforeSuite readSetting" time="0.0" classname="com.vtiger.tests.BaseTest">
    <ignored/>
  </testcase> <!-- @BeforeSuite readSetting -->
  <testcase name="@BeforeSuite readSetting" time="0.0" classname="com.vtiger.tests.BaseTest">
    <ignored/>
  </testcase> <!-- @BeforeSuite readSetting -->
  <testcase name="@BeforeSuite readSetting" time="0.0" classname="com.vtiger.tests.BaseTest">
    <ignored/>
  </testcase> <!-- @BeforeSuite readSetting -->
  <testcase name="@BeforeSuite readSetting" time="0.0" classname="com.vtiger.tests.BaseTest">
    <ignored/>
  </testcase> <!-- @BeforeSuite readSetting -->
  <testcase name="@BeforeSuite readSetting" time="0.0" classname="com.vtiger.tests.BaseTest">
    <ignored/>
  </testcase> <!-- @BeforeSuite readSetting -->
  <testcase name="@BeforeSuite readSetting" time="0.0" classname="com.vtiger.tests.BaseTest">
    <ignored/>
  </testcase> <!-- @BeforeSuite readSetting -->
  <testcase name="@AfterSuite CloseBrowser" time="0.0" classname="com.vtiger.tests.BaseTest">
    <ignored/>
  </testcase> <!-- @AfterSuite CloseBrowser -->
  <testcase name="@AfterSuite CloseBrowser" time="0.0" classname="com.vtiger.tests.BaseTest">
    <ignored/>
  </testcase> <!-- @AfterSuite CloseBrowser -->
  <testcase name="@AfterSuite CloseBrowser" time="0.0" classname="com.vtiger.tests.BaseTest">
    <ignored/>
  </testcase> <!-- @AfterSuite CloseBrowser -->
  <testcase name="@AfterSuite CloseBrowser" time="0.0" classname="com.vtiger.tests.BaseTest">
    <ignored/>
  </testcase> <!-- @AfterSuite CloseBrowser -->
  <testcase name="@AfterSuite CloseBrowser" time="0.0" classname="com.vtiger.tests.BaseTest">
    <ignored/>
  </testcase> <!-- @AfterSuite CloseBrowser -->
  <testcase name="@AfterSuite CloseBrowser" time="0.0" classname="com.vtiger.tests.BaseTest">
    <ignored/>
  </testcase> <!-- @AfterSuite CloseBrowser -->
  <testcase name="@AfterSuite CloseBrowser" time="0.0" classname="com.vtiger.tests.BaseTest">
    <ignored/>
  </testcase> <!-- @AfterSuite CloseBrowser -->
  <testcase name="@BeforeSuite BeginLoadData" time="0.0" classname="com.vtiger.tests.BaseTest">
    <ignored/>
  </testcase> <!-- @BeforeSuite BeginLoadData -->
  <testcase name="@BeforeSuite BeginLoadData" time="0.0" classname="com.vtiger.tests.BaseTest">
    <ignored/>
  </testcase> <!-- @BeforeSuite BeginLoadData -->
  <testcase name="@BeforeSuite BeginLoadData" time="0.0" classname="com.vtiger.tests.BaseTest">
    <ignored/>
  </testcase> <!-- @BeforeSuite BeginLoadData -->
  <testcase name="@BeforeSuite BeginLoadData" time="0.0" classname="com.vtiger.tests.BaseTest">
    <ignored/>
  </testcase> <!-- @BeforeSuite BeginLoadData -->
  <testcase name="@BeforeSuite BeginLoadData" time="0.0" classname="com.vtiger.tests.BaseTest">
    <ignored/>
  </testcase> <!-- @BeforeSuite BeginLoadData -->
  <testcase name="@BeforeSuite BeginLoadData" time="0.0" classname="com.vtiger.tests.BaseTest">
    <ignored/>
  </testcase> <!-- @BeforeSuite BeginLoadData -->
  <testcase name="@BeforeSuite BeginLoadData" time="0.0" classname="com.vtiger.tests.BaseTest">
    <ignored/>
  </testcase> <!-- @BeforeSuite BeginLoadData -->
</testsuite> <!-- Test -->
