<?xml version="1.0" encoding="UTF-8"?>
<testng-results skipped="0" failed="1" ignored="27" total="55" passed="27">
  <reporter-output>
  </reporter-output>
  <suite name="Command line suite" duration-ms="112280" started-at="2021-06-23T13:15:12 IST" finished-at="2021-06-23T13:17:04 IST">
    <groups>
    </groups>
    <test name="Command line test" duration-ms="112280" started-at="2021-06-23T13:15:12 IST" finished-at="2021-06-23T13:17:04 IST">
      <class name="com.vtiger.tests.AccountTest">
        <test-method status="PASS" signature="BeginLoadData()[pri:0, instance:com.vtiger.tests.AccountTest@3d99d22e]" name="BeginLoadData" is-config="true" duration-ms="803" started-at="2021-06-23T13:14:40 IST" finished-at="2021-06-23T13:14:41 IST">
          <reporter-output>
          </reporter-output>
        </test-method> <!-- BeginLoadData -->
        <test-method status="PASS" signature="readSetting()[pri:0, instance:com.vtiger.tests.AccountTest@3d99d22e]" name="readSetting" is-config="true" duration-ms="30970" started-at="2021-06-23T13:14:41 IST" finished-at="2021-06-23T13:15:12 IST">
          <reporter-output>
          </reporter-output>
        </test-method> <!-- readSetting -->
        <test-method status="PASS" signature="verifyCreateNewAccountWithMandatoryFields_TC01()[pri:0, instance:com.vtiger.tests.AccountTest@3d99d22e]" name="verifyCreateNewAccountWithMandatoryFields_TC01" duration-ms="5512" started-at="2021-06-23T13:15:12 IST" finished-at="2021-06-23T13:15:17 IST">
          <reporter-output>
          </reporter-output>
        </test-method> <!-- verifyCreateNewAccountWithMandatoryFields_TC01 -->
        <test-method status="PASS" signature="verifyCreateNewAccountWithAllFields_TC02()[pri:1, instance:com.vtiger.tests.AccountTest@3d99d22e]" name="verifyCreateNewAccountWithAllFields_TC02" duration-ms="6136" started-at="2021-06-23T13:15:17 IST" finished-at="2021-06-23T13:15:23 IST">
          <reporter-output>
          </reporter-output>
        </test-method> <!-- verifyCreateNewAccountWithAllFields_TC02 -->
        <test-method status="PASS" signature="verifyAccountSearch_TC03()[pri:2, instance:com.vtiger.tests.AccountTest@3d99d22e]" name="verifyAccountSearch_TC03" duration-ms="2660" started-at="2021-06-23T13:15:23 IST" finished-at="2021-06-23T13:15:26 IST">
          <reporter-output>
          </reporter-output>
        </test-method> <!-- verifyAccountSearch_TC03 -->
        <test-method status="PASS" signature="CloseBrowser()[pri:0, instance:com.vtiger.tests.AccountTest@3d99d22e]" name="CloseBrowser" is-config="true" duration-ms="2461" started-at="2021-06-23T13:17:04 IST" finished-at="2021-06-23T13:17:07 IST">
          <reporter-output>
          </reporter-output>
        </test-method> <!-- CloseBrowser -->
      </class> <!-- com.vtiger.tests.AccountTest -->
      <class name="com.vtiger.tests.ContactsTest">
        <test-method status="PASS" signature="ContactSearchAndDelete_TC02()[pri:0, instance:com.vtiger.tests.ContactsTest@63e2203c]" name="ContactSearchAndDelete_TC02" duration-ms="4656" started-at="2021-06-23T13:16:03 IST" finished-at="2021-06-23T13:16:08 IST">
          <reporter-output>
          </reporter-output>
        </test-method> <!-- ContactSearchAndDelete_TC02 -->
        <test-method status="PASS" signature="CreateNewContact_TC01()[pri:0, instance:com.vtiger.tests.ContactsTest@63e2203c]" name="CreateNewContact_TC01" duration-ms="7731" started-at="2021-06-23T13:16:08 IST" finished-at="2021-06-23T13:16:16 IST">
          <reporter-output>
          </reporter-output>
        </test-method> <!-- CreateNewContact_TC01 -->
      </class> <!-- com.vtiger.tests.ContactsTest -->
      <class name="com.vtiger.tests.PotentialTest">
        <test-method status="PASS" signature="verifyCreateNewPotential_TC01()[pri:0, instance:com.vtiger.tests.PotentialTest@72b6cbcc]" name="verifyCreateNewPotential_TC01" duration-ms="5881" started-at="2021-06-23T13:16:32 IST" finished-at="2021-06-23T13:16:38 IST">
          <reporter-output>
          </reporter-output>
        </test-method> <!-- verifyCreateNewPotential_TC01 -->
        <test-method status="PASS" signature="verifyEditPotential_TC02()[pri:1, instance:com.vtiger.tests.PotentialTest@72b6cbcc]" name="verifyEditPotential_TC02" duration-ms="5856" started-at="2021-06-23T13:16:38 IST" finished-at="2021-06-23T13:16:43 IST">
          <reporter-output>
          </reporter-output>
        </test-method> <!-- verifyEditPotential_TC02 -->
        <test-method status="PASS" signature="verifyDuplicatePotential_TC03()[pri:2, instance:com.vtiger.tests.PotentialTest@72b6cbcc]" name="verifyDuplicatePotential_TC03" duration-ms="2122" started-at="2021-06-23T13:16:43 IST" finished-at="2021-06-23T13:16:46 IST">
          <reporter-output>
          </reporter-output>
        </test-method> <!-- verifyDuplicatePotential_TC03 -->
        <test-method status="PASS" signature="verifyDeletePotential_TC04()[pri:3, instance:com.vtiger.tests.PotentialTest@72b6cbcc]" name="verifyDeletePotential_TC04" duration-ms="441" started-at="2021-06-23T13:16:46 IST" finished-at="2021-06-23T13:16:46 IST">
          <reporter-output>
          </reporter-output>
        </test-method> <!-- verifyDeletePotential_TC04 -->
      </class> <!-- com.vtiger.tests.PotentialTest -->
      <class name="com.vtiger.tests.CalenderTest">
        <test-method status="PASS" signature="LoadData()[pri:0, instance:com.vtiger.tests.CalenderTest@3224f60b]" name="LoadData" is-config="true" duration-ms="109" started-at="2021-06-23T13:15:55 IST" finished-at="2021-06-23T13:15:55 IST">
          <reporter-output>
          </reporter-output>
        </test-method> <!-- LoadData -->
        <test-method status="PASS" signature="verifyCalendar_TC01()[pri:0, instance:com.vtiger.tests.CalenderTest@3224f60b]" name="verifyCalendar_TC01" duration-ms="4661" started-at="2021-06-23T13:15:55 IST" finished-at="2021-06-23T13:16:00 IST">
          <reporter-output>
          </reporter-output>
        </test-method> <!-- verifyCalendar_TC01 -->
        <test-method status="PASS" signature="verifyCreateNewAppointmentfromCalender_TC02()[pri:0, instance:com.vtiger.tests.CalenderTest@3224f60b]" name="verifyCreateNewAppointmentfromCalender_TC02" duration-ms="3686" started-at="2021-06-23T13:16:00 IST" finished-at="2021-06-23T13:16:03 IST">
          <reporter-output>
          </reporter-output>
        </test-method> <!-- verifyCreateNewAppointmentfromCalender_TC02 -->
      </class> <!-- com.vtiger.tests.CalenderTest -->
      <class name="com.vtiger.tests.ProductsTest">
        <test-method status="PASS" signature="verifySubMenusOnProductsPage_TC01()[pri:0, instance:com.vtiger.tests.ProductsTest@a7e666]" name="verifySubMenusOnProductsPage_TC01" duration-ms="3641" started-at="2021-06-23T13:16:46 IST" finished-at="2021-06-23T13:16:50 IST">
          <reporter-output>
          </reporter-output>
        </test-method> <!-- verifySubMenusOnProductsPage_TC01 -->
        <test-method status="FAIL" signature="verifyCreateNewProduct_TC02()[pri:1, instance:com.vtiger.tests.ProductsTest@a7e666]" name="verifyCreateNewProduct_TC02" duration-ms="2418" started-at="2021-06-23T13:16:50 IST" finished-at="2021-06-23T13:16:52 IST">
          <exception class="org.openqa.selenium.NoAlertPresentException">
            <message>
              <![CDATA[no such alert
  (Session info: chrome=91.0.4472.114)
Build info: version: '3.141.59', revision: 'e82be7d358', time: '2018-11-14T08:17:03'
System info: host: 'DESKTOP-RUV174U', ip: '192.168.0.107', os.name: 'Windows 10', os.arch: 'amd64', os.version: '10.0', java.version: '1.8.0_281'
Driver info: org.openqa.selenium.chrome.ChromeDriver
Capabilities {acceptInsecureCerts: false, browserName: chrome, browserVersion: 91.0.4472.114, chrome: {chromedriverVersion: 91.0.4472.101 (af52a90bf870..., userDataDir: C:\Users\Ravindra\AppData\L...}, goog:chromeOptions: {debuggerAddress: localhost:55775}, javascriptEnabled: true, networkConnectionEnabled: false, pageLoadStrategy: normal, platform: WINDOWS, platformName: WINDOWS, proxy: Proxy(), setWindowRect: true, strictFileInteractability: false, timeouts: {implicit: 0, pageLoad: 300000, script: 30000}, unhandledPromptBehavior: dismiss and notify, webauthn:extension:largeBlob: true, webauthn:virtualAuthenticators: true}
Session ID: 6e13cd983615bffc2954909bc856d27f]]>
            </message>
            <full-stacktrace>
              <![CDATA[org.openqa.selenium.NoAlertPresentException: no such alert
  (Session info: chrome=91.0.4472.114)
Build info: version: '3.141.59', revision: 'e82be7d358', time: '2018-11-14T08:17:03'
System info: host: 'DESKTOP-RUV174U', ip: '192.168.0.107', os.name: 'Windows 10', os.arch: 'amd64', os.version: '10.0', java.version: '1.8.0_281'
Driver info: org.openqa.selenium.chrome.ChromeDriver
Capabilities {acceptInsecureCerts: false, browserName: chrome, browserVersion: 91.0.4472.114, chrome: {chromedriverVersion: 91.0.4472.101 (af52a90bf870..., userDataDir: C:\Users\Ravindra\AppData\L...}, goog:chromeOptions: {debuggerAddress: localhost:55775}, javascriptEnabled: true, networkConnectionEnabled: false, pageLoadStrategy: normal, platform: WINDOWS, platformName: WINDOWS, proxy: Proxy(), setWindowRect: true, strictFileInteractability: false, timeouts: {implicit: 0, pageLoad: 300000, script: 30000}, unhandledPromptBehavior: dismiss and notify, webauthn:extension:largeBlob: true, webauthn:virtualAuthenticators: true}
Session ID: 6e13cd983615bffc2954909bc856d27f
at sun.reflect.NativeConstructorAccessorImpl.newInstance0(Native Method)
at sun.reflect.NativeConstructorAccessorImpl.newInstance(NativeConstructorAccessorImpl.java:62)
at sun.reflect.DelegatingConstructorAccessorImpl.newInstance(DelegatingConstructorAccessorImpl.java:45)
at java.lang.reflect.Constructor.newInstance(Constructor.java:423)
at org.openqa.selenium.remote.http.W3CHttpResponseCodec.createException(W3CHttpResponseCodec.java:187)
at org.openqa.selenium.remote.http.W3CHttpResponseCodec.decode(W3CHttpResponseCodec.java:122)
at org.openqa.selenium.remote.http.W3CHttpResponseCodec.decode(W3CHttpResponseCodec.java:49)
at org.openqa.selenium.remote.HttpCommandExecutor.execute(HttpCommandExecutor.java:158)
at org.openqa.selenium.remote.service.DriverCommandExecutor.execute(DriverCommandExecutor.java:83)
at org.openqa.selenium.remote.RemoteWebDriver.execute(RemoteWebDriver.java:552)
at org.openqa.selenium.remote.RemoteWebDriver.execute(RemoteWebDriver.java:609)
at org.openqa.selenium.remote.RemoteWebDriver$RemoteTargetLocator.alert(RemoteWebDriver.java:932)
at com.vtiger.pages.ProductsPage.CreateNewProduct(ProductsPage.java:101)
at com.vtiger.tests.ProductsTest.verifyCreateNewProduct_TC02(ProductsTest.java:33)
at sun.reflect.NativeMethodAccessorImpl.invoke0(Native Method)
at sun.reflect.NativeMethodAccessorImpl.invoke(NativeMethodAccessorImpl.java:62)
at sun.reflect.DelegatingMethodAccessorImpl.invoke(DelegatingMethodAccessorImpl.java:43)
at java.lang.reflect.Method.invoke(Method.java:498)
at org.testng.internal.MethodInvocationHelper.invokeMethod(MethodInvocationHelper.java:133)
at org.testng.internal.TestInvoker.invokeMethod(TestInvoker.java:598)
at org.testng.internal.TestInvoker.invokeTestMethod(TestInvoker.java:173)
at org.testng.internal.MethodRunner.runInSequence(MethodRunner.java:46)
at org.testng.internal.TestInvoker$MethodInvocationAgent.invoke(TestInvoker.java:824)
at org.testng.internal.TestInvoker.invokeTestMethods(TestInvoker.java:146)
at org.testng.internal.TestMethodWorker.invokeTestMethods(TestMethodWorker.java:146)
at org.testng.internal.TestMethodWorker.run(TestMethodWorker.java:128)
at java.util.ArrayList.forEach(ArrayList.java:1259)
at org.testng.TestRunner.privateRun(TestRunner.java:794)
at org.testng.TestRunner.run(TestRunner.java:596)
at org.testng.SuiteRunner.runTest(SuiteRunner.java:377)
at org.testng.SuiteRunner.runSequentially(SuiteRunner.java:371)
at org.testng.SuiteRunner.privateRun(SuiteRunner.java:332)
at org.testng.SuiteRunner.run(SuiteRunner.java:276)
at org.testng.SuiteRunnerWorker.runSuite(SuiteRunnerWorker.java:53)
at org.testng.SuiteRunnerWorker.run(SuiteRunnerWorker.java:96)
at org.testng.TestNG.runSuitesSequentially(TestNG.java:1212)
at org.testng.TestNG.runSuitesLocally(TestNG.java:1134)
at org.testng.TestNG.runSuites(TestNG.java:1063)
at org.testng.TestNG.run(TestNG.java:1031)
at org.apache.maven.surefire.testng.TestNGExecutor.run(TestNGExecutor.java:77)
at org.apache.maven.surefire.testng.TestNGDirectoryTestSuite.executeMulti(TestNGDirectoryTestSuite.java:159)
at org.apache.maven.surefire.testng.TestNGDirectoryTestSuite.execute(TestNGDirectoryTestSuite.java:99)
at org.apache.maven.surefire.testng.TestNGProvider.invoke(TestNGProvider.java:106)
at sun.reflect.NativeMethodAccessorImpl.invoke0(Native Method)
at sun.reflect.NativeMethodAccessorImpl.invoke(NativeMethodAccessorImpl.java:62)
at sun.reflect.DelegatingMethodAccessorImpl.invoke(DelegatingMethodAccessorImpl.java:43)
at java.lang.reflect.Method.invoke(Method.java:498)
at org.apache.maven.surefire.util.ReflectionUtils.invokeMethodWithArray(ReflectionUtils.java:189)
at org.apache.maven.surefire.booter.ProviderFactory$ProviderProxy.invoke(ProviderFactory.java:165)
at org.apache.maven.surefire.booter.ProviderFactory.invokeProvider(ProviderFactory.java:85)
at org.apache.maven.surefire.booter.ForkedBooter.runSuitesInProcess(ForkedBooter.java:115)
at org.apache.maven.surefire.booter.ForkedBooter.main(ForkedBooter.java:75)
]]>
            </full-stacktrace>
          </exception> <!-- org.openqa.selenium.NoAlertPresentException -->
          <reporter-output>
          </reporter-output>
        </test-method> <!-- verifyCreateNewProduct_TC02 -->
        <test-method status="PASS" signature="verifyCreateNewVendor_TC03()[pri:2, instance:com.vtiger.tests.ProductsTest@a7e666]" name="verifyCreateNewVendor_TC03" duration-ms="4428" started-at="2021-06-23T13:16:52 IST" finished-at="2021-06-23T13:16:57 IST">
          <reporter-output>
          </reporter-output>
        </test-method> <!-- verifyCreateNewVendor_TC03 -->
        <test-method status="PASS" signature="verifyCreateNewPriceBook_TC04()[pri:3, instance:com.vtiger.tests.ProductsTest@a7e666]" name="verifyCreateNewPriceBook_TC04" duration-ms="3273" started-at="2021-06-23T13:16:57 IST" finished-at="2021-06-23T13:17:00 IST">
          <reporter-output>
          </reporter-output>
        </test-method> <!-- verifyCreateNewPriceBook_TC04 -->
      </class> <!-- com.vtiger.tests.ProductsTest -->
      <class name="com.vtiger.tests.ActivitiesTest">
        <test-method status="PASS" signature="LoadData()[pri:0, instance:com.vtiger.tests.ActivitiesTest@57855c9a]" name="LoadData" is-config="true" duration-ms="283" started-at="2021-06-23T13:15:26 IST" finished-at="2021-06-23T13:15:26 IST">
          <reporter-output>
          </reporter-output>
        </test-method> <!-- LoadData -->
        <test-method status="PASS" signature="verifyNewEvent_TC01()[pri:0, instance:com.vtiger.tests.ActivitiesTest@57855c9a]" name="verifyNewEvent_TC01" duration-ms="3794" started-at="2021-06-23T13:15:26 IST" finished-at="2021-06-23T13:15:30 IST">
          <reporter-output>
          </reporter-output>
        </test-method> <!-- verifyNewEvent_TC01 -->
        <test-method status="PASS" signature="verifySearchActivities_TC02()[pri:1, instance:com.vtiger.tests.ActivitiesTest@57855c9a]" name="verifySearchActivities_TC02" duration-ms="4770" started-at="2021-06-23T13:15:30 IST" finished-at="2021-06-23T13:15:35 IST">
          <reporter-output>
          </reporter-output>
        </test-method> <!-- verifySearchActivities_TC02 -->
        <test-method status="PASS" signature="DeleteActivities_TC03()[pri:2, instance:com.vtiger.tests.ActivitiesTest@57855c9a]" name="DeleteActivities_TC03" duration-ms="4608" started-at="2021-06-23T13:15:35 IST" finished-at="2021-06-23T13:15:40 IST">
          <reporter-output>
          </reporter-output>
        </test-method> <!-- DeleteActivities_TC03 -->
        <test-method status="PASS" signature="verifyDuplicateOfActivity_TC04()[pri:3, instance:com.vtiger.tests.ActivitiesTest@57855c9a]" name="verifyDuplicateOfActivity_TC04" duration-ms="3200" started-at="2021-06-23T13:15:40 IST" finished-at="2021-06-23T13:15:43 IST">
          <reporter-output>
          </reporter-output>
        </test-method> <!-- verifyDuplicateOfActivity_TC04 -->
        <test-method status="PASS" signature="verifyEditActivity_TC05()[pri:4, instance:com.vtiger.tests.ActivitiesTest@57855c9a]" name="verifyEditActivity_TC05" duration-ms="12322" started-at="2021-06-23T13:15:43 IST" finished-at="2021-06-23T13:15:55 IST">
          <reporter-output>
          </reporter-output>
        </test-method> <!-- verifyEditActivity_TC05 -->
      </class> <!-- com.vtiger.tests.ActivitiesTest -->
      <class name="com.vtiger.tests.RSSTest">
        <test-method status="PASS" signature="VerifyRSSHomePage_TC01()[pri:0, instance:com.vtiger.tests.RSSTest@68bbe345]" name="VerifyRSSHomePage_TC01" duration-ms="951" started-at="2021-06-23T13:17:00 IST" finished-at="2021-06-23T13:17:01 IST">
          <reporter-output>
          </reporter-output>
        </test-method> <!-- VerifyRSSHomePage_TC01 -->
        <test-method status="PASS" signature="VerifyRSSLinksPresentOnPage_TC02()[pri:1, instance:com.vtiger.tests.RSSTest@68bbe345]" name="VerifyRSSLinksPresentOnPage_TC02" duration-ms="514" started-at="2021-06-23T13:17:01 IST" finished-at="2021-06-23T13:17:01 IST">
          <reporter-output>
          </reporter-output>
        </test-method> <!-- VerifyRSSLinksPresentOnPage_TC02 -->
        <test-method status="PASS" signature="VerifyAddRSSFeed_TC02()[pri:2, instance:com.vtiger.tests.RSSTest@68bbe345]" name="VerifyAddRSSFeed_TC02" duration-ms="2532" started-at="2021-06-23T13:17:01 IST" finished-at="2021-06-23T13:17:04 IST">
          <reporter-output>
          </reporter-output>
        </test-method> <!-- VerifyAddRSSFeed_TC02 -->
      </class> <!-- com.vtiger.tests.RSSTest -->
      <class name="com.vtiger.tests.LeadTest">
        <test-method status="PASS" signature="LoadData()[pri:0, instance:com.vtiger.tests.LeadTest@1efed156]" name="LoadData" is-config="true" duration-ms="67" started-at="2021-06-23T13:16:16 IST" finished-at="2021-06-23T13:16:16 IST">
          <reporter-output>
          </reporter-output>
        </test-method> <!-- LoadData -->
        <test-method status="PASS" signature="verifyLeadwithmandatoryfields_TC01()[pri:0, instance:com.vtiger.tests.LeadTest@1efed156]" name="verifyLeadwithmandatoryfields_TC01" duration-ms="2954" started-at="2021-06-23T13:16:16 IST" finished-at="2021-06-23T13:16:19 IST">
          <reporter-output>
          </reporter-output>
        </test-method> <!-- verifyLeadwithmandatoryfields_TC01 -->
        <test-method status="PASS" signature="verifyLeadwithAllFields_TC02()[pri:1, instance:com.vtiger.tests.LeadTest@1efed156]" name="verifyLeadwithAllFields_TC02" duration-ms="4683" started-at="2021-06-23T13:16:19 IST" finished-at="2021-06-23T13:16:24 IST">
          <reporter-output>
          </reporter-output>
        </test-method> <!-- verifyLeadwithAllFields_TC02 -->
        <test-method status="PASS" signature="verifydeleteLead_TC03()[pri:2, instance:com.vtiger.tests.LeadTest@1efed156]" name="verifydeleteLead_TC03" duration-ms="3824" started-at="2021-06-23T13:16:24 IST" finished-at="2021-06-23T13:16:27 IST">
          <reporter-output>
          </reporter-output>
        </test-method> <!-- verifydeleteLead_TC03 -->
        <test-method status="PASS" signature="verifychangeLeadStatus_TC04()[pri:3, instance:com.vtiger.tests.LeadTest@1efed156]" name="verifychangeLeadStatus_TC04" duration-ms="1107" started-at="2021-06-23T13:16:27 IST" finished-at="2021-06-23T13:16:29 IST">
          <reporter-output>
          </reporter-output>
        </test-method> <!-- verifychangeLeadStatus_TC04 -->
        <test-method status="PASS" signature="verifysearchLead_TC05()[pri:4, instance:com.vtiger.tests.LeadTest@1efed156]" name="verifysearchLead_TC05" duration-ms="3203" started-at="2021-06-23T13:16:29 IST" finished-at="2021-06-23T13:16:32 IST">
          <reporter-output>
          </reporter-output>
        </test-method> <!-- verifysearchLead_TC05 -->
      </class> <!-- com.vtiger.tests.LeadTest -->
    </test> <!-- Command line test -->
  </suite> <!-- Command line suite -->
</testng-results>
