<?xml version="1.0" encoding="UTF-8"?>
<testng-results skipped="0" failed="0" ignored="0" total="1" passed="1">
  <reporter-output>
  </reporter-output>
  <suite name="Default suite" duration-ms="2962" started-at="2021-06-19T22:20:29 IST" finished-at="2021-06-19T22:20:32 IST">
    <groups>
    </groups>
    <test name="Default test" duration-ms="2962" started-at="2021-06-19T22:20:29 IST" finished-at="2021-06-19T22:20:32 IST">
      <class name="com.vtiger.tests.ContactsTests">
        <test-method status="PASS" signature="BeginLoadData()[pri:0, instance:com.vtiger.tests.ContactsTests@a38d7a3]" name="BeginLoadData" is-config="true" duration-ms="775" started-at="2021-06-19T22:20:17 IST" finished-at="2021-06-19T22:20:18 IST">
          <reporter-output>
          </reporter-output>
        </test-method> <!-- BeginLoadData -->
        <test-method status="PASS" signature="readSetting()[pri:0, instance:com.vtiger.tests.ContactsTests@a38d7a3]" name="readSetting" is-config="true" duration-ms="10901" started-at="2021-06-19T22:20:18 IST" finished-at="2021-06-19T22:20:29 IST">
          <reporter-output>
          </reporter-output>
        </test-method> <!-- readSetting -->
        <test-method status="PASS" signature="verifyContactSearch_TC01()[pri:0, instance:com.vtiger.tests.ContactsTests@a38d7a3]" name="verifyContactSearch_TC01" duration-ms="2913" started-at="2021-06-19T22:20:29 IST" finished-at="2021-06-19T22:20:32 IST">
          <reporter-output>
          </reporter-output>
        </test-method> <!-- verifyContactSearch_TC01 -->
        <test-method status="PASS" signature="CloseBrowser()[pri:0, instance:com.vtiger.tests.ContactsTests@a38d7a3]" name="CloseBrowser" is-config="true" duration-ms="1730" started-at="2021-06-19T22:20:32 IST" finished-at="2021-06-19T22:20:34 IST">
          <reporter-output>
          </reporter-output>
        </test-method> <!-- CloseBrowser -->
      </class> <!-- com.vtiger.tests.ContactsTests -->
    </test> <!-- Default test -->
  </suite> <!-- Default suite -->
</testng-results>
