<?xml version="1.0" encoding="UTF-8"?>
<!-- Generated by org.testng.reporters.JUnitXMLReporter -->
<testsuite hostname="DESKTOP-RUV174U" ignored="0" name="Command line test" tests="2" failures="0" timestamp="2021-06-21T23:38:45 IST" time="12.898" errors="0">
  <testcase name="verifyCalendar_TC01" time="6.888" classname="com.vtiger.tests.CalenderTest"/>
  <testcase name="verifyCreateNewAppointmentfromCalender_TC02" time="5.71" classname="com.vtiger.tests.CalenderTest"/>
</testsuite> <!-- Command line test -->
